# JRE version: OpenJDK Runtime Environment Temurin-17.0.5+8 (17.0.5+8) (build 17.0.5+8)
# Java VM: OpenJDK 64-Bit Server VM Temurin-17.0.5+8 (17.0.5+8, mixed mode, emulated-client, tiered, compressed oops, compressed class ptrs, g1 gc, windows-amd64)
GC Precious Log:
 CPUs: 4 total, 4 available
 Memory: 8090M
 Large Page Support: Disabled
 NUMA Support: Disabled
 Compressed Oops: Enabled (32-bit)
 Heap Region Size: 1M
 Heap Min Capacity: 8M
 Heap Initial Capacity: 128M
 Heap Max Capacity: 2024M
 Pre-touch: Disabled
 Parallel Workers: 4
 Concurrent Workers: 1
 Concurrent Refinement Workers: 4
 Periodic GC: Disabled
Heap:
 garbage-first heap   total 131072K, used 65117K [0x0000000081800000, 0x0000000100000000)
  region size 1024K, 1 young (1024K), 1 survivors (1024K)
 Metaspace       used 75273K, committed 75840K, reserved 1122304K
  class space    used 10331K, committed 10624K, reserved 1048576K
GC Heap History (20 events):
Event: 22.898 GC heap after
{Heap after GC invocations=23 (full 0):
 garbage-first heap   total 61440K, used 32829K [0x0000000081800000, 0x0000000100000000)
  region size 1024K, 3 young (3072K), 3 survivors (3072K)
 Metaspace       used 69820K, committed 70336K, reserved 1114112K
  class space    used 9571K, committed 9792K, reserved 1048576K
}
Event: 23.572 GC heap before
{Heap before GC invocations=23 (full 0):
 garbage-first heap   total 61440K, used 49213K [0x0000000081800000, 0x0000000100000000)
  region size 1024K, 20 young (20480K), 3 survivors (3072K)
 Metaspace       used 72048K, committed 72576K, reserved 1114112K
  class space    used 9862K, committed 10112K, reserved 1048576K
}
Event: 23.580 GC heap after
{Heap after GC invocations=24 (full 0):
 garbage-first heap   total 61440K, used 33923K [0x0000000081800000, 0x0000000100000000)
  region size 1024K, 3 young (3072K), 3 survivors (3072K)
 Metaspace       used 72048K, committed 72576K, reserved 1114112K
  class space    used 9862K, committed 10112K, reserved 1048576K
}
Event: 24.756 GC heap before
{Heap before GC invocations=25 (full 0):
 garbage-first heap   total 61440K, used 50307K [0x0000000081800000, 0x0000000100000000)
  region size 1024K, 19 young (19456K), 3 survivors (3072K)
 Metaspace       used 73276K, committed 73728K, reserved 1114112K
  class space    used 10072K, committed 10304K, reserved 1048576K
}
Event: 24.764 GC heap after
{Heap after GC invocations=26 (full 0):
 garbage-first heap   total 61440K, used 35302K [0x0000000081800000, 0x0000000100000000)
  region size 1024K, 3 young (3072K), 3 survivors (3072K)
 Metaspace       used 73276K, committed 73728K, reserved 1114112K
  class space    used 10072K, committed 10304K, reserved 1048576K
}
Event: 25.317 GC heap before
{Heap before GC invocations=26 (full 0):
 garbage-first heap   total 61440K, used 50662K [0x0000000081800000, 0x0000000100000000)
  region size 1024K, 18 young (18432K), 3 survivors (3072K)
 Metaspace       used 75002K, committed 75520K, reserved 1114112K
  class space    used 10300K, committed 10496K, reserved 1048576K
}
Event: 25.323 GC heap after
{Heap after GC invocations=27 (full 0):
 garbage-first heap   total 61440K, used 36914K [0x0000000081800000, 0x0000000100000000)
  region size 1024K, 3 young (3072K), 3 survivors (3072K)
 Metaspace       used 75002K, committed 75520K, reserved 1114112K
  class space    used 10300K, committed 10496K, reserved 1048576K
}
Event: 25.462 GC heap before
{Heap before GC invocations=27 (full 0):
 garbage-first heap   total 81920K, used 49202K [0x0000000081800000, 0x0000000100000000)
  region size 1024K, 16 young (16384K), 3 survivors (3072K)
 Metaspace       used 75182K, committed 75776K, reserved 1122304K
  class space    used 10318K, committed 10624K, reserved 1048576K
}
Event: 25.469 GC heap after
{Heap after GC invocations=28 (full 0):
 garbage-first heap   total 98304K, used 39368K [0x0000000081800000, 0x0000000100000000)
  region size 1024K, 2 young (2048K), 2 survivors (2048K)
 Metaspace       used 75182K, committed 75776K, reserved 1122304K
  class space    used 10318K, committed 10624K, reserved 1048576K
}
Event: 25.661 GC heap before
{Heap before GC invocations=29 (full 0):
 garbage-first heap   total 98304K, used 76232K [0x0000000081800000, 0x0000000100000000)
  region size 1024K, 37 young (37888K), 2 survivors (2048K)
 Metaspace       used 75193K, committed 75776K, reserved 1122304K
  class space    used 10320K, committed 10624K, reserved 1048576K
}
Event: 25.670 GC heap after
{Heap after GC invocations=30 (full 0):
 garbage-first heap   total 98304K, used 47248K [0x0000000081800000, 0x0000000100000000)
  region size 1024K, 5 young (5120K), 5 survivors (5120K)
 Metaspace       used 75193K, committed 75776K, reserved 1122304K
  class space    used 10320K, committed 10624K, reserved 1048576K
}
Event: 25.673 GC heap before
{Heap before GC invocations=30 (full 0):
 garbage-first heap   total 98304K, used 48272K [0x0000000081800000, 0x0000000100000000)
  region size 1024K, 6 young (6144K), 5 survivors (5120K)
 Metaspace       used 75193K, committed 75776K, reserved 1122304K
  class space    used 10320K, committed 10624K, reserved 1048576K
}
Event: 25.679 GC heap after
{Heap after GC invocations=31 (full 0):
 garbage-first heap   total 98304K, used 48532K [0x0000000081800000, 0x0000000100000000)
  region size 1024K, 1 young (1024K), 1 survivors (1024K)
 Metaspace       used 75193K, committed 75776K, reserved 1122304K
  class space    used 10320K, committed 10624K, reserved 1048576K
}
Event: 25.836 GC heap before
{Heap before GC invocations=31 (full 0):
 garbage-first heap   total 98304K, used 69012K [0x0000000081800000, 0x0000000100000000)
  region size 1024K, 23 young (23552K), 1 survivors (1024K)
 Metaspace       used 75273K, committed 75840K, reserved 1122304K
  class space    used 10331K, committed 10624K, reserved 1048576K
}
Event: 25.843 GC heap after
{Heap after GC invocations=32 (full 0):
 garbage-first heap   total 98304K, used 55051K [0x0000000081800000, 0x0000000100000000)
  region size 1024K, 4 young (4096K), 4 survivors (4096K)
 Metaspace       used 75273K, committed 75840K, reserved 1122304K
  class space    used 10331K, committed 10624K, reserved 1048576K
}
Event: 25.957 GC heap before
{Heap before GC invocations=32 (full 0):
 garbage-first heap   total 98304K, used 77579K [0x0000000081800000, 0x0000000100000000)
  region size 1024K, 24 young (24576K), 4 survivors (4096K)
 Metaspace       used 75273K, committed 75840K, reserved 1122304K
  class space    used 10331K, committed 10624K, reserved 1048576K
}
Event: 25.966 GC heap after
{Heap after GC invocations=33 (full 0):
 garbage-first heap   total 98304K, used 60763K [0x0000000081800000, 0x0000000100000000)
  region size 1024K, 3 young (3072K), 3 survivors (3072K)
 Metaspace       used 75273K, committed 75840K, reserved 1122304K
  class space    used 10331K, committed 10624K, reserved 1048576K
}
Event: 26.081 GC heap before
{Heap before GC invocations=34 (full 0):
 garbage-first heap   total 114688K, used 76123K [0x0000000081800000, 0x0000000100000000)
  region size 1024K, 19 young (19456K), 3 survivors (3072K)
 Metaspace       used 75273K, committed 75840K, reserved 1122304K
  class space    used 10331K, committed 10624K, reserved 1048576K
}
Event: 26.087 GC heap after
{Heap after GC invocations=35 (full 0):
 garbage-first heap   total 114688K, used 64229K [0x0000000081800000, 0x0000000100000000)
  region size 1024K, 3 young (3072K), 3 survivors (3072K)
 Metaspace       used 75273K, committed 75840K, reserved 1122304K
  class space    used 10331K, committed 10624K, reserved 1048576K
}
Event: 26.090 GC heap before
{Heap before GC invocations=35 (full 0):
 garbage-first heap   total 114688K, used 66277K [0x0000000081800000, 0x0000000100000000)
  region size 1024K, 5 young (5120K), 3 survivors (3072K)
 Metaspace       used 75273K, committed 75840K, reserved 1122304K
  class space    used 10331K, committed 10624K, reserved 1048576K
}

